\BOOKMARK [0][-]{section*.2}{HALAMAN JUDUL}{}% 1
\BOOKMARK [0][-]{section*.4}{LEMBAR PERSETUJUAN}{}% 2
\BOOKMARK [0][-]{section*.5}{LEMBAR PERNYATAAN ORISINALITAS}{}% 3
\BOOKMARK [0][-]{section*.6}{LEMBAR PENGESAHAN}{}% 4
\BOOKMARK [0][-]{section*.7}{Kata Pengantar}{}% 5
\BOOKMARK [0][-]{section*.8}{ABSTRAK}{}% 6
\BOOKMARK [0][-]{section*.8}{Daftar Isi}{}% 7
\BOOKMARK [0][-]{section*.8}{Daftar Gambar}{}% 8
\BOOKMARK [0][-]{section*.8}{Daftar Tabel}{}% 9
\BOOKMARK [0][-]{chapter.1}{1 Pendahuluan}{}% 10
\BOOKMARK [1][-]{section.1.1}{1.1 Latar Belakang}{chapter.1}% 11
\BOOKMARK [1][-]{section.1.2}{1.2 Permasalahan}{chapter.1}% 12
\BOOKMARK [2][-]{subsection.1.2.1}{1.2.1 Definisi Permasalahan}{section.1.2}% 13
\BOOKMARK [2][-]{subsection.1.2.2}{1.2.2 Batasan Permasalahan}{section.1.2}% 14
\BOOKMARK [1][-]{section.1.3}{1.3 Tujuan}{chapter.1}% 15
\BOOKMARK [1][-]{section.1.4}{1.4 Metodologi Penelitian}{chapter.1}% 16
\BOOKMARK [1][-]{section.1.5}{1.5 Sistematika Penulisan}{chapter.1}% 17
\BOOKMARK [0][-]{chapter.2}{2 Landasan Teori}{}% 18
\BOOKMARK [1][-]{section.2.1}{2.1 Penelitian Sebelumnya}{chapter.2}% 19
\BOOKMARK [1][-]{section.2.2}{2.2 Feedforward Neural Network}{chapter.2}% 20
\BOOKMARK [1][-]{section.2.3}{2.3 Convolution Neural Network \(CNN\)}{chapter.2}% 21
\BOOKMARK [2][-]{subsection.2.3.1}{2.3.1 Convolutional Layer}{section.2.3}% 22
\BOOKMARK [2][-]{subsection.2.3.2}{2.3.2 Subsampling Layer}{section.2.3}% 23
\BOOKMARK [2][-]{subsection.2.3.3}{2.3.3 Fully Connected Layer}{section.2.3}% 24
\BOOKMARK [1][-]{section.2.4}{2.4 Backpropagation}{chapter.2}% 25
\BOOKMARK [1][-]{section.2.5}{2.5 Algoritma Optimasi}{chapter.2}% 26
\BOOKMARK [2][-]{subsection.2.5.1}{2.5.1 Stochastic Gradient Descent \(SGD\)}{section.2.5}% 27
\BOOKMARK [2][-]{subsection.2.5.2}{2.5.2 Nesterov's Accelerated Gradient \(Nesterov\)}{section.2.5}% 28
\BOOKMARK [1][-]{section.2.6}{2.6 Fungsi Galat}{chapter.2}% 29
\BOOKMARK [1][-]{section.2.7}{2.7 Deeplearning4j}{chapter.2}% 30
\BOOKMARK [1][-]{section.2.8}{2.8 Web Service}{chapter.2}% 31
\BOOKMARK [1][-]{section.2.9}{2.9 Batik}{chapter.2}% 32
\BOOKMARK [0][-]{chapter.3}{3 Perancangan}{}% 33
\BOOKMARK [1][-]{section.3.1}{3.1 Teknik Pengumpulan Data}{chapter.3}% 34
\BOOKMARK [1][-]{section.3.2}{3.2 Data}{chapter.3}% 35
\BOOKMARK [1][-]{section.3.3}{3.3 Rancangan Penelitian}{chapter.3}% 36
\BOOKMARK [1][-]{section.3.4}{3.4 Pelatihan Model CNN}{chapter.3}% 37
\BOOKMARK [0][-]{figure.caption.23}{Daftar Referensi}{}% 38
